<?xml version="1.0" encoding="UTF-8"?>
<!-- Generated by org.testng.reporters.JUnitReportReporter -->
<testsuite hostname="LAPTOP-E1O7I058" failures="0" tests="1" name="TestNG.Flipkart" time="25.495" errors="0" timestamp="2025-09-07T17:40:18 IST" skipped="0">
  <testcase classname="TestNG.Flipkart" name="mouseHoverTest" time="25.495"/>
</testsuite> <!-- TestNG.Flipkart -->
