<?xml version="1.0" encoding="UTF-8"?>
<!-- Generated by org.testng.reporters.JUnitReportReporter -->
<testsuite hostname="LAPTOP-E1O7I058" failures="0" tests="2" name="TestNG.Annotations" time="0.010" errors="0" timestamp="2025-08-30T18:04:54 IST" skipped="0">
  <testcase classname="TestNG.Annotations" name="loginTest" time="0.007"/>
  <testcase classname="TestNG.Annotations" name="logoutTest" time="0.003"/>
</testsuite> <!-- TestNG.Annotations -->
