<?xml version="1.0" encoding="UTF-8"?>
<!-- Generated by org.testng.reporters.JUnitReportReporter -->
<testsuite hostname="LAPTOP-E1O7I058" failures="0" tests="2" name="SeleniumAssignments.Assignment6" time="4.305" errors="0" timestamp="2025-09-08T06:51:04 IST" skipped="0">
  <testcase classname="SeleniumAssignments.Assignment6" name="printTitles" time="0.602"/>
  <testcase classname="SeleniumAssignments.Assignment6" name="clickOnImage" time="3.703"/>
</testsuite> <!-- SeleniumAssignments.Assignment6 -->
