<?xml version="1.0" encoding="UTF-8"?>
<!-- Generated by org.testng.reporters.JUnitReportReporter -->
<testsuite hostname="LAPTOP-E1O7I058" failures="0" tests="3" name="SeleniumAssignments.Assignment5" time="12.570" errors="0" timestamp="2025-09-07T20:50:54 IST" skipped="0">
  <testcase classname="SeleniumAssignments.Assignment5" name="loginApp" time="5.211"/>
  <testcase classname="SeleniumAssignments.Assignment5" name="hoverAndClick" time="6.600"/>
  <testcase classname="SeleniumAssignments.Assignment5" name="doubleClick" time="0.759"/>
</testsuite> <!-- SeleniumAssignments.Assignment5 -->
