<?xml version="1.0" encoding="UTF-8"?>
<!-- Generated by org.testng.reporters.JUnitReportReporter -->
<testsuite hostname="LAPTOP-E1O7I058" failures="0" tests="5" name="TestNG.Priorities" time="0.027" errors="0" timestamp="2025-09-02T10:54:25 IST" skipped="0">
  <testcase classname="TestNG.Priorities" name="logout" time="0.012"/>
  <testcase classname="TestNG.Priorities" name="openApp" time="0.004"/>
  <testcase classname="TestNG.Priorities" name="login" time="0.005"/>
  <testcase classname="TestNG.Priorities" name="addToCart" time="0.003"/>
  <testcase classname="TestNG.Priorities" name="checkout" time="0.003"/>
</testsuite> <!-- TestNG.Priorities -->
