<?xml version="1.0" encoding="UTF-8"?>
<!-- Generated by org.testng.reporters.JUnitReportReporter -->
<testsuite hostname="LAPTOP-E1O7I058" failures="0" tests="3" name="SeleniumAssignments.Assignment4" time="3.399" errors="0" timestamp="2025-09-07T19:38:35 IST" skipped="0">
  <testcase classname="SeleniumAssignments.Assignment4" name="loanAmountSelection" time="1.924"/>
  <testcase classname="SeleniumAssignments.Assignment4" name="loanInterestSelection" time="0.707"/>
  <testcase classname="SeleniumAssignments.Assignment4" name="loanTenureSelection" time="0.768"/>
</testsuite> <!-- SeleniumAssignments.Assignment4 -->
